2025-01-22T12:00:41.248+05:30  INFO 22812 --- [SpringbootShoppingApp] [restartedMain] c.e.d.SpringbootShoppingAppApplication   : Starting SpringbootShoppingAppApplication using Java 21.0.5 with PID 22812 (C:\Users\2380281\git\repository\SpringbootShoppingApp\target\classes started by 2380281 in C:\Users\2380281\git\repository\SpringbootShoppingApp)
2025-01-22T12:00:41.250+05:30  INFO 22812 --- [SpringbootShoppingApp] [restartedMain] c.e.d.SpringbootShoppingAppApplication   : No active profile set, falling back to 1 default profile: "default"
2025-01-22T12:00:41.303+05:30  INFO 22812 --- [SpringbootShoppingApp] [restartedMain] .e.DevToolsPropertyDefaultsPostProcessor : Devtools property defaults active! Set 'spring.devtools.add-properties' to 'false' to disable
2025-01-22T12:00:41.303+05:30  INFO 22812 --- [SpringbootShoppingApp] [restartedMain] .e.DevToolsPropertyDefaultsPostProcessor : For additional web related logging consider setting the 'logging.level.web' property to 'DEBUG'
2025-01-22T12:00:41.988+05:30  INFO 22812 --- [SpringbootShoppingApp] [restartedMain] .s.d.r.c.RepositoryConfigurationDelegate : Bootstrapping Spring Data JPA repositories in DEFAULT mode.
2025-01-22T12:00:42.052+05:30  INFO 22812 --- [SpringbootShoppingApp] [restartedMain] .s.d.r.c.RepositoryConfigurationDelegate : Finished Spring Data repository scanning in 52 ms. Found 1 JPA repository interface.
2025-01-22T12:00:42.579+05:30  INFO 22812 --- [SpringbootShoppingApp] [restartedMain] o.s.b.w.embedded.tomcat.TomcatWebServer  : Tomcat initialized with port 8080 (http)
2025-01-22T12:00:42.595+05:30  INFO 22812 --- [SpringbootShoppingApp] [restartedMain] o.apache.catalina.core.StandardService   : Starting service [Tomcat]
2025-01-22T12:00:42.596+05:30  INFO 22812 --- [SpringbootShoppingApp] [restartedMain] o.apache.catalina.core.StandardEngine    : Starting Servlet engine: [Apache Tomcat/10.1.34]
2025-01-22T12:00:42.656+05:30  INFO 22812 --- [SpringbootShoppingApp] [restartedMain] o.a.c.c.C.[Tomcat].[localhost].[/]       : Initializing Spring embedded WebApplicationContext
2025-01-22T12:00:42.656+05:30  INFO 22812 --- [SpringbootShoppingApp] [restartedMain] w.s.c.ServletWebServerApplicationContext : Root WebApplicationContext: initialization completed in 1352 ms
2025-01-22T12:00:42.803+05:30  INFO 22812 --- [SpringbootShoppingApp] [restartedMain] o.hibernate.jpa.internal.util.LogHelper  : HHH000204: Processing PersistenceUnitInfo [name: default]
2025-01-22T12:00:42.891+05:30  INFO 22812 --- [SpringbootShoppingApp] [restartedMain] org.hibernate.Version                    : HHH000412: Hibernate ORM core version 6.6.4.Final
2025-01-22T12:00:42.934+05:30  INFO 22812 --- [SpringbootShoppingApp] [restartedMain] o.h.c.internal.RegionFactoryInitiator    : HHH000026: Second-level cache disabled
2025-01-22T12:00:43.254+05:30  INFO 22812 --- [SpringbootShoppingApp] [restartedMain] o.s.o.j.p.SpringPersistenceUnitInfo      : No LoadTimeWeaver setup: ignoring JPA class transformer
2025-01-22T12:00:43.287+05:30  INFO 22812 --- [SpringbootShoppingApp] [restartedMain] com.zaxxer.hikari.HikariDataSource       : HikariPool-1 - Starting...
2025-01-22T12:00:43.959+05:30  INFO 22812 --- [SpringbootShoppingApp] [restartedMain] com.zaxxer.hikari.pool.HikariPool        : HikariPool-1 - Added connection com.mysql.cj.jdbc.ConnectionImpl@32828324
2025-01-22T12:00:43.962+05:30  INFO 22812 --- [SpringbootShoppingApp] [restartedMain] com.zaxxer.hikari.HikariDataSource       : HikariPool-1 - Start completed.
2025-01-22T12:00:44.062+05:30  INFO 22812 --- [SpringbootShoppingApp] [restartedMain] org.hibernate.orm.connections.pooling    : HHH10001005: Database info:
	Database JDBC URL [Connecting through datasource 'HikariDataSource (HikariPool-1)']
	Database driver: undefined/unknown
	Database version: 8.0.40
	Autocommit mode: undefined/unknown
	Isolation level: undefined/unknown
	Minimum pool size: undefined/unknown
	Maximum pool size: undefined/unknown
2025-01-22T12:00:44.954+05:30  INFO 22812 --- [SpringbootShoppingApp] [restartedMain] o.h.e.t.j.p.i.JtaPlatformInitiator       : HHH000489: No JTA platform available (set 'hibernate.transaction.jta.platform' to enable JTA platform integration)
2025-01-22T12:00:45.022+05:30  INFO 22812 --- [SpringbootShoppingApp] [restartedMain] j.LocalContainerEntityManagerFactoryBean : Initialized JPA EntityManagerFactory for persistence unit 'default'
2025-01-22T12:00:45.261+05:30  WARN 22812 --- [SpringbootShoppingApp] [restartedMain] JpaBaseConfiguration$JpaWebConfiguration : spring.jpa.open-in-view is enabled by default. Therefore, database queries may be performed during view rendering. Explicitly configure spring.jpa.open-in-view to disable this warning
2025-01-22T12:00:45.579+05:30  INFO 22812 --- [SpringbootShoppingApp] [restartedMain] o.s.b.d.a.OptionalLiveReloadServer       : LiveReload server is running on port 35729
2025-01-22T12:00:45.619+05:30  INFO 22812 --- [SpringbootShoppingApp] [restartedMain] o.s.b.w.embedded.tomcat.TomcatWebServer  : Tomcat started on port 8080 (http) with context path '/'
2025-01-22T12:00:45.625+05:30  INFO 22812 --- [SpringbootShoppingApp] [restartedMain] c.e.d.SpringbootShoppingAppApplication   : Started SpringbootShoppingAppApplication in 4.861 seconds (process running for 5.732)
2025-01-22T12:21:29.854+05:30  INFO 22812 --- [SpringbootShoppingApp] [RMI TCP Connection(30)-127.0.0.1] inMXBeanRegistrar$SpringApplicationAdmin : Application shutdown requested.
2025-01-22T12:21:29.858+05:30  INFO 22812 --- [SpringbootShoppingApp] [RMI TCP Connection(30)-127.0.0.1] o.s.b.w.e.tomcat.GracefulShutdown        : Commencing graceful shutdown. Waiting for active requests to complete
2025-01-22T12:21:29.862+05:30  INFO 22812 --- [SpringbootShoppingApp] [tomcat-shutdown] o.s.b.w.e.tomcat.GracefulShutdown        : Graceful shutdown complete
2025-01-22T12:21:29.868+05:30  INFO 22812 --- [SpringbootShoppingApp] [RMI TCP Connection(30)-127.0.0.1] j.LocalContainerEntityManagerFactoryBean : Closing JPA EntityManagerFactory for persistence unit 'default'
2025-01-22T12:21:29.871+05:30  INFO 22812 --- [SpringbootShoppingApp] [RMI TCP Connection(30)-127.0.0.1] com.zaxxer.hikari.HikariDataSource       : HikariPool-1 - Shutdown initiated...
2025-01-22T12:21:29.878+05:30  INFO 22812 --- [SpringbootShoppingApp] [RMI TCP Connection(30)-127.0.0.1] com.zaxxer.hikari.HikariDataSource       : HikariPool-1 - Shutdown completed.
2025-01-22T12:21:37.587+05:30  INFO 20496 --- [SpringbootShoppingApp] [restartedMain] c.e.d.SpringbootShoppingAppApplication   : Starting SpringbootShoppingAppApplication using Java 21.0.5 with PID 20496 (C:\Users\2380281\git\repository\SpringbootShoppingApp\target\classes started by 2380281 in C:\Users\2380281\git\repository\SpringbootShoppingApp)
2025-01-22T12:21:37.590+05:30  INFO 20496 --- [SpringbootShoppingApp] [restartedMain] c.e.d.SpringbootShoppingAppApplication   : No active profile set, falling back to 1 default profile: "default"
2025-01-22T12:21:37.646+05:30  INFO 20496 --- [SpringbootShoppingApp] [restartedMain] .e.DevToolsPropertyDefaultsPostProcessor : Devtools property defaults active! Set 'spring.devtools.add-properties' to 'false' to disable
2025-01-22T12:21:37.648+05:30  INFO 20496 --- [SpringbootShoppingApp] [restartedMain] .e.DevToolsPropertyDefaultsPostProcessor : For additional web related logging consider setting the 'logging.level.web' property to 'DEBUG'
2025-01-22T12:21:38.388+05:30  INFO 20496 --- [SpringbootShoppingApp] [restartedMain] .s.d.r.c.RepositoryConfigurationDelegate : Bootstrapping Spring Data JPA repositories in DEFAULT mode.
2025-01-22T12:21:38.461+05:30  INFO 20496 --- [SpringbootShoppingApp] [restartedMain] .s.d.r.c.RepositoryConfigurationDelegate : Finished Spring Data repository scanning in 55 ms. Found 1 JPA repository interface.
2025-01-22T12:21:39.015+05:30  INFO 20496 --- [SpringbootShoppingApp] [restartedMain] o.s.b.w.embedded.tomcat.TomcatWebServer  : Tomcat initialized with port 8080 (http)
2025-01-22T12:21:39.027+05:30  INFO 20496 --- [SpringbootShoppingApp] [restartedMain] o.apache.catalina.core.StandardService   : Starting service [Tomcat]
2025-01-22T12:21:39.028+05:30  INFO 20496 --- [SpringbootShoppingApp] [restartedMain] o.apache.catalina.core.StandardEngine    : Starting Servlet engine: [Apache Tomcat/10.1.34]
2025-01-22T12:21:39.085+05:30  INFO 20496 --- [SpringbootShoppingApp] [restartedMain] o.a.c.c.C.[Tomcat].[localhost].[/]       : Initializing Spring embedded WebApplicationContext
2025-01-22T12:21:39.086+05:30  INFO 20496 --- [SpringbootShoppingApp] [restartedMain] w.s.c.ServletWebServerApplicationContext : Root WebApplicationContext: initialization completed in 1433 ms
2025-01-22T12:21:39.279+05:30  INFO 20496 --- [SpringbootShoppingApp] [restartedMain] o.hibernate.jpa.internal.util.LogHelper  : HHH000204: Processing PersistenceUnitInfo [name: default]
2025-01-22T12:21:39.343+05:30  INFO 20496 --- [SpringbootShoppingApp] [restartedMain] org.hibernate.Version                    : HHH000412: Hibernate ORM core version 6.6.4.Final
2025-01-22T12:21:39.385+05:30  INFO 20496 --- [SpringbootShoppingApp] [restartedMain] o.h.c.internal.RegionFactoryInitiator    : HHH000026: Second-level cache disabled
2025-01-22T12:21:39.711+05:30  INFO 20496 --- [SpringbootShoppingApp] [restartedMain] o.s.o.j.p.SpringPersistenceUnitInfo      : No LoadTimeWeaver setup: ignoring JPA class transformer
2025-01-22T12:21:39.747+05:30  INFO 20496 --- [SpringbootShoppingApp] [restartedMain] com.zaxxer.hikari.HikariDataSource       : HikariPool-1 - Starting...
2025-01-22T12:21:40.202+05:30  INFO 20496 --- [SpringbootShoppingApp] [restartedMain] com.zaxxer.hikari.pool.HikariPool        : HikariPool-1 - Added connection com.mysql.cj.jdbc.ConnectionImpl@6106214e
2025-01-22T12:21:40.205+05:30  INFO 20496 --- [SpringbootShoppingApp] [restartedMain] com.zaxxer.hikari.HikariDataSource       : HikariPool-1 - Start completed.
2025-01-22T12:21:40.310+05:30  INFO 20496 --- [SpringbootShoppingApp] [restartedMain] org.hibernate.orm.connections.pooling    : HHH10001005: Database info:
	Database JDBC URL [Connecting through datasource 'HikariDataSource (HikariPool-1)']
	Database driver: undefined/unknown
	Database version: 8.0.40
	Autocommit mode: undefined/unknown
	Isolation level: undefined/unknown
	Minimum pool size: undefined/unknown
	Maximum pool size: undefined/unknown
2025-01-22T12:21:41.180+05:30  INFO 20496 --- [SpringbootShoppingApp] [restartedMain] o.h.e.t.j.p.i.JtaPlatformInitiator       : HHH000489: No JTA platform available (set 'hibernate.transaction.jta.platform' to enable JTA platform integration)
2025-01-22T12:21:41.254+05:30  INFO 20496 --- [SpringbootShoppingApp] [restartedMain] j.LocalContainerEntityManagerFactoryBean : Initialized JPA EntityManagerFactory for persistence unit 'default'
2025-01-22T12:21:41.453+05:30  WARN 20496 --- [SpringbootShoppingApp] [restartedMain] JpaBaseConfiguration$JpaWebConfiguration : spring.jpa.open-in-view is enabled by default. Therefore, database queries may be performed during view rendering. Explicitly configure spring.jpa.open-in-view to disable this warning
2025-01-22T12:21:41.780+05:30  INFO 20496 --- [SpringbootShoppingApp] [restartedMain] o.s.b.d.a.OptionalLiveReloadServer       : LiveReload server is running on port 35729
2025-01-22T12:21:41.833+05:30  INFO 20496 --- [SpringbootShoppingApp] [restartedMain] o.s.b.w.embedded.tomcat.TomcatWebServer  : Tomcat started on port 8080 (http) with context path '/'
2025-01-22T12:21:41.840+05:30  INFO 20496 --- [SpringbootShoppingApp] [restartedMain] c.e.d.SpringbootShoppingAppApplication   : Started SpringbootShoppingAppApplication in 4.732 seconds (process running for 6.022)
2025-01-22T12:22:43.839+05:30  INFO 20496 --- [SpringbootShoppingApp] [http-nio-8080-exec-2] o.a.c.c.C.[Tomcat].[localhost].[/]       : Initializing Spring DispatcherServlet 'dispatcherServlet'
2025-01-22T12:22:43.840+05:30  INFO 20496 --- [SpringbootShoppingApp] [http-nio-8080-exec-2] o.s.web.servlet.DispatcherServlet        : Initializing Servlet 'dispatcherServlet'
2025-01-22T12:22:43.841+05:30  INFO 20496 --- [SpringbootShoppingApp] [http-nio-8080-exec-2] o.s.web.servlet.DispatcherServlet        : Completed initialization in 1 ms
2025-01-22T12:27:42.304+05:30  INFO 20496 --- [SpringbootShoppingApp] [File Watcher] rtingClassPathChangeChangedEventListener : Restarting due to 1 class path change (0 additions, 0 deletions, 1 modification)
2025-01-22T12:27:42.309+05:30  INFO 20496 --- [SpringbootShoppingApp] [Thread-5] o.s.b.w.e.tomcat.GracefulShutdown        : Commencing graceful shutdown. Waiting for active requests to complete
2025-01-22T12:27:42.314+05:30  INFO 20496 --- [SpringbootShoppingApp] [tomcat-shutdown] o.s.b.w.e.tomcat.GracefulShutdown        : Graceful shutdown complete
2025-01-22T12:27:42.318+05:30  INFO 20496 --- [SpringbootShoppingApp] [Thread-5] j.LocalContainerEntityManagerFactoryBean : Closing JPA EntityManagerFactory for persistence unit 'default'
2025-01-22T12:27:42.321+05:30  INFO 20496 --- [SpringbootShoppingApp] [Thread-5] com.zaxxer.hikari.HikariDataSource       : HikariPool-1 - Shutdown initiated...
2025-01-22T12:27:42.329+05:30  INFO 20496 --- [SpringbootShoppingApp] [Thread-5] com.zaxxer.hikari.HikariDataSource       : HikariPool-1 - Shutdown completed.
2025-01-22T12:27:42.402+05:30  INFO 20496 --- [SpringbootShoppingApp] [restartedMain] c.e.d.SpringbootShoppingAppApplication   : Starting SpringbootShoppingAppApplication using Java 21.0.5 with PID 20496 (C:\Users\2380281\git\repository\SpringbootShoppingApp\target\classes started by 2380281 in C:\Users\2380281\git\repository\SpringbootShoppingApp)
2025-01-22T12:27:42.402+05:30  INFO 20496 --- [SpringbootShoppingApp] [restartedMain] c.e.d.SpringbootShoppingAppApplication   : No active profile set, falling back to 1 default profile: "default"
2025-01-22T12:27:42.536+05:30  INFO 20496 --- [SpringbootShoppingApp] [restartedMain] .s.d.r.c.RepositoryConfigurationDelegate : Bootstrapping Spring Data JPA repositories in DEFAULT mode.
2025-01-22T12:27:42.545+05:30  INFO 20496 --- [SpringbootShoppingApp] [restartedMain] .s.d.r.c.RepositoryConfigurationDelegate : Finished Spring Data repository scanning in 7 ms. Found 1 JPA repository interface.
2025-01-22T12:27:42.627+05:30  INFO 20496 --- [SpringbootShoppingApp] [restartedMain] o.s.b.w.embedded.tomcat.TomcatWebServer  : Tomcat initialized with port 8080 (http)
2025-01-22T12:27:42.627+05:30  INFO 20496 --- [SpringbootShoppingApp] [restartedMain] o.apache.catalina.core.StandardService   : Starting service [Tomcat]
2025-01-22T12:27:42.628+05:30  INFO 20496 --- [SpringbootShoppingApp] [restartedMain] o.apache.catalina.core.StandardEngine    : Starting Servlet engine: [Apache Tomcat/10.1.34]
2025-01-22T12:27:42.646+05:30  INFO 20496 --- [SpringbootShoppingApp] [restartedMain] o.a.c.c.C.[Tomcat].[localhost].[/]       : Initializing Spring embedded WebApplicationContext
2025-01-22T12:27:42.647+05:30  INFO 20496 --- [SpringbootShoppingApp] [restartedMain] w.s.c.ServletWebServerApplicationContext : Root WebApplicationContext: initialization completed in 243 ms
2025-01-22T12:27:42.673+05:30  INFO 20496 --- [SpringbootShoppingApp] [restartedMain] o.hibernate.jpa.internal.util.LogHelper  : HHH000204: Processing PersistenceUnitInfo [name: default]
2025-01-22T12:27:42.675+05:30  INFO 20496 --- [SpringbootShoppingApp] [restartedMain] o.h.c.internal.RegionFactoryInitiator    : HHH000026: Second-level cache disabled
2025-01-22T12:27:42.683+05:30  INFO 20496 --- [SpringbootShoppingApp] [restartedMain] o.s.o.j.p.SpringPersistenceUnitInfo      : No LoadTimeWeaver setup: ignoring JPA class transformer
2025-01-22T12:27:42.685+05:30  INFO 20496 --- [SpringbootShoppingApp] [restartedMain] com.zaxxer.hikari.HikariDataSource       : HikariPool-2 - Starting...
2025-01-22T12:27:42.697+05:30  INFO 20496 --- [SpringbootShoppingApp] [restartedMain] com.zaxxer.hikari.pool.HikariPool        : HikariPool-2 - Added connection com.mysql.cj.jdbc.ConnectionImpl@4bd7929e
2025-01-22T12:27:42.697+05:30  INFO 20496 --- [SpringbootShoppingApp] [restartedMain] com.zaxxer.hikari.HikariDataSource       : HikariPool-2 - Start completed.
2025-01-22T12:27:42.698+05:30  INFO 20496 --- [SpringbootShoppingApp] [restartedMain] org.hibernate.orm.connections.pooling    : HHH10001005: Database info:
	Database JDBC URL [Connecting through datasource 'HikariDataSource (HikariPool-2)']
	Database driver: undefined/unknown
	Database version: 8.0.40
	Autocommit mode: undefined/unknown
	Isolation level: undefined/unknown
	Minimum pool size: undefined/unknown
	Maximum pool size: undefined/unknown
2025-01-22T12:27:42.734+05:30  INFO 20496 --- [SpringbootShoppingApp] [restartedMain] o.h.e.t.j.p.i.JtaPlatformInitiator       : HHH000489: No JTA platform available (set 'hibernate.transaction.jta.platform' to enable JTA platform integration)
2025-01-22T12:27:42.777+05:30  INFO 20496 --- [SpringbootShoppingApp] [restartedMain] j.LocalContainerEntityManagerFactoryBean : Initialized JPA EntityManagerFactory for persistence unit 'default'
2025-01-22T12:27:42.838+05:30  WARN 20496 --- [SpringbootShoppingApp] [restartedMain] JpaBaseConfiguration$JpaWebConfiguration : spring.jpa.open-in-view is enabled by default. Therefore, database queries may be performed during view rendering. Explicitly configure spring.jpa.open-in-view to disable this warning
2025-01-22T12:27:42.926+05:30  INFO 20496 --- [SpringbootShoppingApp] [restartedMain] o.s.b.d.a.OptionalLiveReloadServer       : LiveReload server is running on port 35729
2025-01-22T12:27:42.935+05:30  INFO 20496 --- [SpringbootShoppingApp] [restartedMain] o.s.b.w.embedded.tomcat.TomcatWebServer  : Tomcat started on port 8080 (http) with context path '/'
2025-01-22T12:27:42.937+05:30  INFO 20496 --- [SpringbootShoppingApp] [restartedMain] c.e.d.SpringbootShoppingAppApplication   : Started SpringbootShoppingAppApplication in 0.557 seconds (process running for 367.119)
2025-01-22T12:27:42.939+05:30  INFO 20496 --- [SpringbootShoppingApp] [restartedMain] .ConditionEvaluationDeltaLoggingListener : Condition evaluation unchanged
2025-01-22T12:27:59.908+05:30  INFO 20496 --- [SpringbootShoppingApp] [http-nio-8080-exec-2] o.a.c.c.C.[Tomcat].[localhost].[/]       : Initializing Spring DispatcherServlet 'dispatcherServlet'
2025-01-22T12:27:59.914+05:30  INFO 20496 --- [SpringbootShoppingApp] [http-nio-8080-exec-2] o.s.web.servlet.DispatcherServlet        : Initializing Servlet 'dispatcherServlet'
2025-01-22T12:27:59.914+05:30  INFO 20496 --- [SpringbootShoppingApp] [http-nio-8080-exec-2] o.s.web.servlet.DispatcherServlet        : Completed initialization in 0 ms
2025-01-22T12:28:28.493+05:30  INFO 20496 --- [SpringbootShoppingApp] [File Watcher] rtingClassPathChangeChangedEventListener : Restarting due to 1 class path change (0 additions, 0 deletions, 1 modification)
2025-01-22T12:28:28.496+05:30  INFO 20496 --- [SpringbootShoppingApp] [Thread-7] o.s.b.w.e.tomcat.GracefulShutdown        : Commencing graceful shutdown. Waiting for active requests to complete
2025-01-22T12:28:28.507+05:30  INFO 20496 --- [SpringbootShoppingApp] [tomcat-shutdown] o.s.b.w.e.tomcat.GracefulShutdown        : Graceful shutdown complete
2025-01-22T12:28:28.511+05:30  INFO 20496 --- [SpringbootShoppingApp] [Thread-7] j.LocalContainerEntityManagerFactoryBean : Closing JPA EntityManagerFactory for persistence unit 'default'
2025-01-22T12:28:28.512+05:30  INFO 20496 --- [SpringbootShoppingApp] [Thread-7] com.zaxxer.hikari.HikariDataSource       : HikariPool-2 - Shutdown initiated...
2025-01-22T12:28:28.527+05:30  INFO 20496 --- [SpringbootShoppingApp] [Thread-7] com.zaxxer.hikari.HikariDataSource       : HikariPool-2 - Shutdown completed.
2025-01-22T12:28:28.634+05:30  INFO 20496 --- [SpringbootShoppingApp] [restartedMain] c.e.d.SpringbootShoppingAppApplication   : Starting SpringbootShoppingAppApplication using Java 21.0.5 with PID 20496 (C:\Users\2380281\git\repository\SpringbootShoppingApp\target\classes started by 2380281 in C:\Users\2380281\git\repository\SpringbootShoppingApp)
2025-01-22T12:28:28.634+05:30  INFO 20496 --- [SpringbootShoppingApp] [restartedMain] c.e.d.SpringbootShoppingAppApplication   : No active profile set, falling back to 1 default profile: "default"
2025-01-22T12:28:28.768+05:30  INFO 20496 --- [SpringbootShoppingApp] [restartedMain] .s.d.r.c.RepositoryConfigurationDelegate : Bootstrapping Spring Data JPA repositories in DEFAULT mode.
2025-01-22T12:28:28.776+05:30  INFO 20496 --- [SpringbootShoppingApp] [restartedMain] .s.d.r.c.RepositoryConfigurationDelegate : Finished Spring Data repository scanning in 7 ms. Found 1 JPA repository interface.
2025-01-22T12:28:28.828+05:30  INFO 20496 --- [SpringbootShoppingApp] [restartedMain] o.s.b.w.embedded.tomcat.TomcatWebServer  : Tomcat initialized with port 8080 (http)
2025-01-22T12:28:28.828+05:30  INFO 20496 --- [SpringbootShoppingApp] [restartedMain] o.apache.catalina.core.StandardService   : Starting service [Tomcat]
2025-01-22T12:28:28.828+05:30  INFO 20496 --- [SpringbootShoppingApp] [restartedMain] o.apache.catalina.core.StandardEngine    : Starting Servlet engine: [Apache Tomcat/10.1.34]
2025-01-22T12:28:28.855+05:30  INFO 20496 --- [SpringbootShoppingApp] [restartedMain] o.a.c.c.C.[Tomcat].[localhost].[/]       : Initializing Spring embedded WebApplicationContext
2025-01-22T12:28:28.856+05:30  INFO 20496 --- [SpringbootShoppingApp] [restartedMain] w.s.c.ServletWebServerApplicationContext : Root WebApplicationContext: initialization completed in 219 ms
2025-01-22T12:28:28.878+05:30  INFO 20496 --- [SpringbootShoppingApp] [restartedMain] o.hibernate.jpa.internal.util.LogHelper  : HHH000204: Processing PersistenceUnitInfo [name: default]
2025-01-22T12:28:28.879+05:30  INFO 20496 --- [SpringbootShoppingApp] [restartedMain] o.h.c.internal.RegionFactoryInitiator    : HHH000026: Second-level cache disabled
2025-01-22T12:28:28.885+05:30  INFO 20496 --- [SpringbootShoppingApp] [restartedMain] o.s.o.j.p.SpringPersistenceUnitInfo      : No LoadTimeWeaver setup: ignoring JPA class transformer
2025-01-22T12:28:28.886+05:30  INFO 20496 --- [SpringbootShoppingApp] [restartedMain] com.zaxxer.hikari.HikariDataSource       : HikariPool-3 - Starting...
2025-01-22T12:28:28.897+05:30  INFO 20496 --- [SpringbootShoppingApp] [restartedMain] com.zaxxer.hikari.pool.HikariPool        : HikariPool-3 - Added connection com.mysql.cj.jdbc.ConnectionImpl@4098c0c4
2025-01-22T12:28:28.897+05:30  INFO 20496 --- [SpringbootShoppingApp] [restartedMain] com.zaxxer.hikari.HikariDataSource       : HikariPool-3 - Start completed.
2025-01-22T12:28:28.899+05:30  INFO 20496 --- [SpringbootShoppingApp] [restartedMain] org.hibernate.orm.connections.pooling    : HHH10001005: Database info:
	Database JDBC URL [Connecting through datasource 'HikariDataSource (HikariPool-3)']
	Database driver: undefined/unknown
	Database version: 8.0.40
	Autocommit mode: undefined/unknown
	Isolation level: undefined/unknown
	Minimum pool size: undefined/unknown
	Maximum pool size: undefined/unknown
2025-01-22T12:28:28.932+05:30  INFO 20496 --- [SpringbootShoppingApp] [restartedMain] o.h.e.t.j.p.i.JtaPlatformInitiator       : HHH000489: No JTA platform available (set 'hibernate.transaction.jta.platform' to enable JTA platform integration)
2025-01-22T12:28:28.957+05:30  INFO 20496 --- [SpringbootShoppingApp] [restartedMain] j.LocalContainerEntityManagerFactoryBean : Initialized JPA EntityManagerFactory for persistence unit 'default'
2025-01-22T12:28:28.991+05:30  WARN 20496 --- [SpringbootShoppingApp] [restartedMain] JpaBaseConfiguration$JpaWebConfiguration : spring.jpa.open-in-view is enabled by default. Therefore, database queries may be performed during view rendering. Explicitly configure spring.jpa.open-in-view to disable this warning
2025-01-22T12:28:29.050+05:30  INFO 20496 --- [SpringbootShoppingApp] [restartedMain] o.s.b.d.a.OptionalLiveReloadServer       : LiveReload server is running on port 35729
2025-01-22T12:28:29.059+05:30  INFO 20496 --- [SpringbootShoppingApp] [restartedMain] o.s.b.w.embedded.tomcat.TomcatWebServer  : Tomcat started on port 8080 (http) with context path '/'
2025-01-22T12:28:29.061+05:30  INFO 20496 --- [SpringbootShoppingApp] [restartedMain] c.e.d.SpringbootShoppingAppApplication   : Started SpringbootShoppingAppApplication in 0.46 seconds (process running for 413.243)
2025-01-22T12:28:29.062+05:30  INFO 20496 --- [SpringbootShoppingApp] [restartedMain] .ConditionEvaluationDeltaLoggingListener : Condition evaluation unchanged
2025-01-22T12:29:05.485+05:30  INFO 20496 --- [SpringbootShoppingApp] [http-nio-8080-exec-2] o.a.c.c.C.[Tomcat].[localhost].[/]       : Initializing Spring DispatcherServlet 'dispatcherServlet'
2025-01-22T12:29:05.485+05:30  INFO 20496 --- [SpringbootShoppingApp] [http-nio-8080-exec-2] o.s.web.servlet.DispatcherServlet        : Initializing Servlet 'dispatcherServlet'
2025-01-22T12:29:05.488+05:30  INFO 20496 --- [SpringbootShoppingApp] [http-nio-8080-exec-2] o.s.web.servlet.DispatcherServlet        : Completed initialization in 3 ms
2025-01-22T12:36:50.972+05:30  WARN 20496 --- [SpringbootShoppingApp] [HikariPool-3 housekeeper] com.zaxxer.hikari.pool.HikariPool        : HikariPool-3 - Thread starvation or clock leap detected (housekeeper delta=2m51s883ms776µs).
